
 [start] - Sat Feb 22 23:49:13 MST 2020 - started the server!
 [kill] - Sat Feb 22 23:53:30 MST 2020 - killing process gracefully!
 [kill] - Sat Feb 22 23:53:32 MST 2020 - killing process forcefully!
 [start] - Sat Feb 22 23:53:32 MST 2020 - started the server!
 [kill] - Sun Feb 23 00:28:57 MST 2020 - killing process gracefully!
 [kill] - Sun Feb 23 00:28:59 MST 2020 - killing process forcefully!
 [start] - Sun Feb 23 00:28:59 MST 2020 - started the server!
 [kill] - Sun Feb 23 00:51:11 MST 2020 - killing process gracefully!
 [kill] - Sun Feb 23 00:51:13 MST 2020 - killing process forcefully!
 [start] - Sun Feb 23 00:51:13 MST 2020 - started the server!
 [kill] - Sun Feb 23 00:54:32 MST 2020 - killing process gracefully!
 [kill] - Sun Feb 23 00:54:34 MST 2020 - killing process forcefully!
 [start] - Sun Feb 23 00:54:34 MST 2020 - started the server!
 [kill] - Sun Feb 23 00:56:18 MST 2020 - killing process gracefully!
 [kill] - Sun Feb 23 00:56:20 MST 2020 - killing process forcefully!
 [start] - Sun Feb 23 00:56:20 MST 2020 - started the server!
 [kill] - Sun Feb 23 01:00:22 MST 2020 - killing process gracefully!
 [kill] - Sun Feb 23 01:00:24 MST 2020 - killing process forcefully!
 [start] - Sun Feb 23 01:00:24 MST 2020 - started the server!
 [kill] - Sun Feb 23 01:01:13 MST 2020 - killing process gracefully!
 [kill] - Sun Feb 23 01:01:15 MST 2020 - killing process forcefully!
 [start] - Sun Feb 23 01:01:15 MST 2020 - started the server!
 [kill] - Sun Feb 23 08:09:40 MST 2020 - killing process gracefully!
 [kill] - Sun Feb 23 08:09:42 MST 2020 - killing process forcefully!
 [start] - Sun Feb 23 08:09:42 MST 2020 - started the server!
 [kill] - Sun Feb 23 08:28:40 MST 2020 - killing process gracefully!
 [kill] - Sun Feb 23 08:28:42 MST 2020 - killing process forcefully!
 [start] - Sun Feb 23 08:28:43 MST 2020 - started the server!
 [kill] - Sun Feb 23 08:30:24 MST 2020 - killing process gracefully!
 [kill] - Sun Feb 23 08:30:26 MST 2020 - killing process forcefully!
 [start] - Sun Feb 23 08:30:26 MST 2020 - started the server!
 [kill] - Sun Feb 23 11:48:47 MST 2020 - killing process gracefully!
 [kill] - Sun Feb 23 11:48:49 MST 2020 - killing process forcefully!
 [start] - Sun Feb 23 11:48:49 MST 2020 - started the server!
 [kill] - Sun Feb 23 11:50:31 MST 2020 - killing process gracefully!
 [kill] - Sun Feb 23 11:50:33 MST 2020 - killing process forcefully!
 [start] - Sun Feb 23 11:50:34 MST 2020 - started the server!
 [kill] - Sun Feb 23 11:51:44 MST 2020 - killing process gracefully!
 [kill] - Sun Feb 23 11:51:46 MST 2020 - killing process forcefully!
 [start] - Sun Feb 23 11:51:46 MST 2020 - started the server!
 [kill] - Sun Feb 23 12:00:55 MST 2020 - killing process gracefully!
 [kill] - Sun Feb 23 12:00:57 MST 2020 - killing process forcefully!
 [start] - Sun Feb 23 12:00:57 MST 2020 - started the server!
 [kill] - Sun Feb 23 12:33:56 MST 2020 - killing process gracefully!
 [kill] - Sun Feb 23 12:33:58 MST 2020 - killing process forcefully!
 [start] - Sun Feb 23 12:33:58 MST 2020 - started the server!
 [kill] - Sun Feb 23 13:37:24 MST 2020 - killing process gracefully!
 [kill] - Sun Feb 23 13:37:26 MST 2020 - killing process forcefully!
 [start] - Sun Feb 23 13:37:26 MST 2020 - started the server!
 [kill] - Sun Feb 23 13:40:38 MST 2020 - killing process gracefully!
 [kill] - Sun Feb 23 13:40:40 MST 2020 - killing process forcefully!
 [start] - Sun Feb 23 13:40:40 MST 2020 - started the server!
 [kill] - Sun Feb 23 13:45:15 MST 2020 - killing process gracefully!
 [kill] - Sun Feb 23 13:45:17 MST 2020 - killing process forcefully!
 [start] - Sun Feb 23 13:45:17 MST 2020 - started the server!
 [kill] - Sun Feb 23 13:55:24 MST 2020 - killing process gracefully!
 [kill] - Sun Feb 23 13:55:26 MST 2020 - killing process forcefully!
 [start] - Sun Feb 23 13:55:26 MST 2020 - started the server!
 [kill] - Sun Feb 23 14:01:07 MST 2020 - killing process gracefully!
 [kill] - Sun Feb 23 14:01:09 MST 2020 - killing process forcefully!
 [start] - Sun Feb 23 14:01:09 MST 2020 - started the server!
 [kill] - Sun Feb 23 14:18:56 MST 2020 - killing process gracefully!
 [kill] - Sun Feb 23 14:18:59 MST 2020 - killing process forcefully!
 [start] - Sun Feb 23 14:18:59 MST 2020 - started the server!
 [kill] - Sun Feb 23 14:24:13 MST 2020 - killing process gracefully!
 [start] - Sun Feb 23 14:24:13 MST 2020 - started the server!
 [kill] - Sun Feb 23 14:52:57 MST 2020 - killing process gracefully!
 [kill] - Sun Feb 23 14:53:00 MST 2020 - killing process forcefully!
 [start] - Sun Feb 23 14:53:00 MST 2020 - started the server!
 [kill] - Sun Feb 23 14:59:21 MST 2020 - killing process gracefully!
 [kill] - Sun Feb 23 14:59:23 MST 2020 - killing process forcefully!
 [start] - Sun Feb 23 14:59:23 MST 2020 - started the server!
 [kill] - Sun Feb 23 15:00:56 MST 2020 - killing process gracefully!
 [kill] - Sun Feb 23 15:00:58 MST 2020 - killing process forcefully!
 [start] - Sun Feb 23 15:00:58 MST 2020 - started the server!
 [kill] - Sun Feb 23 15:03:13 MST 2020 - killing process gracefully!
 [start] - Sun Feb 23 15:03:13 MST 2020 - started the server!
 [start] - Fri Feb 28 11:18:47 MST 2020 - started the server!
 [kill] - Fri Feb 28 11:30:59 MST 2020 - killing process gracefully!
 [kill] - Fri Feb 28 11:31:01 MST 2020 - killing process forcefully!
 [start] - Fri Feb 28 11:31:02 MST 2020 - started the server!
 [kill] - Fri Feb 28 11:32:16 MST 2020 - killing process gracefully!
 [kill] - Fri Feb 28 11:32:18 MST 2020 - killing process forcefully!
 [start] - Fri Feb 28 11:32:18 MST 2020 - started the server!
 [kill] - Mon Mar 02 12:08:37 MST 2020 - killing process gracefully!
 [kill] - Mon Mar 02 12:08:39 MST 2020 - killing process forcefully!
 [start] - Mon Mar 02 12:08:39 MST 2020 - started the server!
 [kill] - Mon Mar 02 12:27:05 MST 2020 - killing process gracefully!
 [kill] - Mon Mar 02 12:27:07 MST 2020 - killing process forcefully!
 [start] - Mon Mar 02 12:27:07 MST 2020 - started the server!
 [kill] - Fri Mar 20 11:03:44 MDT 2020 - killing process forcefully!
 [start] - Fri Mar 20 11:03:44 MDT 2020 - started the server!
 [kill] - Fri Mar 20 11:06:47 MDT 2020 - killing process forcefully!
 [start] - Fri Mar 20 11:06:48 MDT 2020 - started the server!
 [kill] - Fri Mar 20 13:27:21 MDT 2020 - killing process forcefully!
 [start] - Fri Mar 20 13:27:21 MDT 2020 - started the server!
 [kill] - Fri Mar 20 16:26:49 MDT 2020 - killing process forcefully!
 [start] - Fri Mar 20 16:26:49 MDT 2020 - started the server!
 [kill] - Fri Mar 20 16:33:13 MDT 2020 - killing process forcefully!
 [start] - Fri Mar 20 16:33:14 MDT 2020 - started the server!
 [kill] - Fri Mar 20 16:40:50 MDT 2020 - killing process forcefully!
 [start] - Fri Mar 20 16:40:51 MDT 2020 - started the server!
 [kill] - Fri Mar 20 17:42:05 MDT 2020 - killing process forcefully!
 [start] - Fri Mar 20 17:42:05 MDT 2020 - started the server!
 [kill] - Fri Mar 20 17:51:48 MDT 2020 - killing process forcefully!
 [start] - Fri Mar 20 17:51:48 MDT 2020 - started the server!
 [kill] - Fri Mar 20 19:38:43 MDT 2020 - killing process forcefully!
 [start] - Fri Mar 20 19:38:43 MDT 2020 - started the server!
 [kill] - Sat Mar 21 13:31:23 MDT 2020 - killing process forcefully!
 [start] - Sat Mar 21 13:31:23 MDT 2020 - started the server!
 [kill] - Sat Mar 21 16:47:04 MDT 2020 - killing process forcefully!
 [start] - Sat Mar 21 16:47:04 MDT 2020 - started the server!
 [kill] - Sat Mar 21 21:53:18 MDT 2020 - killing process forcefully!
 [start] - Sat Mar 21 21:53:18 MDT 2020 - started the server!
 [kill] - Sat Mar 21 21:56:19 MDT 2020 - killing process forcefully!
 [start] - Sat Mar 21 21:56:19 MDT 2020 - started the server!
 [kill] - Sat Mar 21 22:00:06 MDT 2020 - killing process forcefully!
 [start] - Sat Mar 21 22:00:06 MDT 2020 - started the server!
 [kill] - Sun Mar 22 10:40:48 MDT 2020 - killing process forcefully!
 [start] - Sun Mar 22 10:40:48 MDT 2020 - started the server!
 [kill] - Sun Mar 22 10:45:09 MDT 2020 - killing process forcefully!
 [start] - Sun Mar 22 10:45:09 MDT 2020 - started the server!
 [kill] - Sun Mar 22 10:47:13 MDT 2020 - killing process forcefully!
 [start] - Sun Mar 22 10:47:13 MDT 2020 - started the server!
 [kill] - Sun Mar 22 10:58:42 MDT 2020 - killing process forcefully!
 [start] - Sun Mar 22 10:58:42 MDT 2020 - started the server!
 [kill] - Sun Mar 22 11:02:05 MDT 2020 - killing process forcefully!
 [start] - Sun Mar 22 11:02:05 MDT 2020 - started the server!
 [kill] - Sun Mar 22 11:07:39 MDT 2020 - killing process forcefully!
 [start] - Sun Mar 22 11:07:39 MDT 2020 - started the server!
 [kill] - Sun Mar 22 11:13:02 MDT 2020 - killing process forcefully!
 [start] - Sun Mar 22 11:13:03 MDT 2020 - started the server!
 [kill] - Sun Mar 22 11:15:08 MDT 2020 - killing process forcefully!
 [start] - Sun Mar 22 11:15:08 MDT 2020 - started the server!
 [kill] - Sun Mar 22 11:16:58 MDT 2020 - killing process forcefully!
 [start] - Sun Mar 22 11:16:59 MDT 2020 - started the server!
 [kill] - Sun Mar 22 11:18:56 MDT 2020 - killing process forcefully!
 [start] - Sun Mar 22 11:18:56 MDT 2020 - started the server!
 [kill] - Sun Mar 22 11:20:37 MDT 2020 - killing process forcefully!
 [start] - Sun Mar 22 11:20:37 MDT 2020 - started the server!
 [kill] - Sun Mar 22 11:30:53 MDT 2020 - killing process forcefully!
 [start] - Sun Mar 22 11:30:53 MDT 2020 - started the server!
 [kill] - Sun Mar 22 11:34:29 MDT 2020 - killing process forcefully!
 [start] - Sun Mar 22 11:34:29 MDT 2020 - started the server!
 [kill] - Sun Mar 22 11:38:46 MDT 2020 - killing process forcefully!
 [start] - Sun Mar 22 11:38:46 MDT 2020 - started the server!
 [kill] - Sun Mar 22 11:43:07 MDT 2020 - killing process forcefully!
 [start] - Sun Mar 22 11:43:07 MDT 2020 - started the server!
 [kill] - Sun Mar 22 21:29:53 MDT 2020 - killing process forcefully!
 [start] - Sun Mar 22 21:29:53 MDT 2020 - started the server!
 [kill] - Sun Mar 22 21:39:21 MDT 2020 - killing process forcefully!
 [start] - Sun Mar 22 21:39:21 MDT 2020 - started the server!
 [kill] - Mon Mar 23 11:15:23 MDT 2020 - killing process forcefully!
 [start] - Mon Mar 23 11:15:23 MDT 2020 - started the server!
 [kill] - Mon Mar 23 11:20:09 MDT 2020 - killing process forcefully!
 [start] - Mon Mar 23 11:20:09 MDT 2020 - started the server!
 [kill] - Mon Mar 23 14:26:26 MDT 2020 - killing process forcefully!
 [start] - Mon Mar 23 14:26:27 MDT 2020 - started the server!
 [kill] - Mon Mar 23 16:38:50 MDT 2020 - killing process forcefully!
 [start] - Mon Mar 23 16:38:50 MDT 2020 - started the server!
 [kill] - Tue Mar 24 11:15:55 MDT 2020 - killing process forcefully!
 [start] - Tue Mar 24 11:15:55 MDT 2020 - started the server!
 [kill] - Tue Mar 24 11:20:20 MDT 2020 - killing process forcefully!
 [start] - Tue Mar 24 11:20:20 MDT 2020 - started the server!
 [kill] - Tue Mar 24 11:24:18 MDT 2020 - killing process forcefully!
 [start] - Tue Mar 24 11:24:18 MDT 2020 - started the server!
 [kill] - Tue Mar 24 12:08:28 MDT 2020 - killing process forcefully!
 [start] - Tue Mar 24 12:08:28 MDT 2020 - started the server!
 [kill] - Tue Mar 24 12:39:21 MDT 2020 - killing process forcefully!
 [start] - Tue Mar 24 12:39:21 MDT 2020 - started the server!
 [kill] - Tue Mar 24 12:42:33 MDT 2020 - killing process forcefully!
 [start] - Tue Mar 24 12:42:33 MDT 2020 - started the server!
 [kill] - Tue Mar 24 12:50:35 MDT 2020 - killing process forcefully!
 [start] - Tue Mar 24 12:50:35 MDT 2020 - started the server!
 [kill] - Tue Mar 24 12:53:33 MDT 2020 - killing process forcefully!
 [start] - Tue Mar 24 12:53:34 MDT 2020 - started the server!
 [kill] - Tue Mar 24 16:04:43 MDT 2020 - killing process forcefully!
 [start] - Tue Mar 24 16:04:44 MDT 2020 - started the server!
 [kill] - Tue Mar 24 16:25:03 MDT 2020 - killing process forcefully!
 [start] - Tue Mar 24 16:25:03 MDT 2020 - started the server!
 [kill] - Tue Mar 24 16:36:14 MDT 2020 - killing process forcefully!
 [start] - Tue Mar 24 16:36:14 MDT 2020 - started the server!
 [kill] - Tue Mar 24 20:15:28 MDT 2020 - killing process forcefully!
 [start] - Tue Mar 24 20:15:28 MDT 2020 - started the server!
 [kill] - Tue Mar 24 20:35:40 MDT 2020 - killing process forcefully!
 [start] - Tue Mar 24 20:35:41 MDT 2020 - started the server!
 [kill] - Tue Mar 24 20:58:49 MDT 2020 - killing process forcefully!
 [start] - Tue Mar 24 20:58:49 MDT 2020 - started the server!
 [kill] - Tue Mar 24 21:12:12 MDT 2020 - killing process forcefully!
 [start] - Tue Mar 24 21:12:12 MDT 2020 - started the server!
 [kill] - Tue Mar 24 21:14:20 MDT 2020 - killing process forcefully!
 [start] - Tue Mar 24 21:14:20 MDT 2020 - started the server!
 [kill] - Tue Mar 24 21:19:33 MDT 2020 - killing process forcefully!
 [start] - Tue Mar 24 21:19:33 MDT 2020 - started the server!
 [kill] - Tue Mar 24 21:37:28 MDT 2020 - killing process forcefully!
 [start] - Tue Mar 24 21:37:28 MDT 2020 - started the server!
 [kill] - Tue Mar 24 21:40:07 MDT 2020 - killing process forcefully!
 [start] - Tue Mar 24 21:40:07 MDT 2020 - started the server!
 [kill] - Wed Mar 25 17:05:13 MDT 2020 - killing process forcefully!
 [start] - Wed Mar 25 17:05:13 MDT 2020 - started the server!
 [kill] - Wed Mar 25 17:12:11 MDT 2020 - killing process forcefully!
 [start] - Wed Mar 25 17:12:12 MDT 2020 - started the server!
 [kill] - Thu Mar 26 14:52:27 MDT 2020 - killing process forcefully!
 [start] - Thu Mar 26 14:52:27 MDT 2020 - started the server!
 [kill] - Thu Mar 26 15:22:29 MDT 2020 - killing process forcefully!
 [start] - Thu Mar 26 15:22:29 MDT 2020 - started the server!
 [kill] - Thu Mar 26 18:05:29 MDT 2020 - killing process forcefully!
 [start] - Thu Mar 26 18:05:29 MDT 2020 - started the server!
 [kill] - Fri Mar 27 11:52:43 MDT 2020 - killing process forcefully!
 [start] - Fri Mar 27 11:52:43 MDT 2020 - started the server!
 [kill] - Sat Mar 28 10:42:35 MDT 2020 - killing process forcefully!
 [start] - Sat Mar 28 10:42:35 MDT 2020 - started the server!
 [kill] - Sat Mar 28 11:10:03 MDT 2020 - killing process forcefully!
 [start] - Sat Mar 28 11:10:04 MDT 2020 - started the server!
 [kill] - Sat Mar 28 15:08:42 MDT 2020 - killing process forcefully!
 [start] - Sat Mar 28 15:08:42 MDT 2020 - started the server!
 [kill] - Tue Mar 31 09:56:21 MDT 2020 - killing process forcefully!
 [start] - Tue Mar 31 09:56:22 MDT 2020 - started the server!
 [kill] - Tue Mar 31 10:27:47 MDT 2020 - killing process forcefully!
 [start] - Tue Mar 31 10:27:47 MDT 2020 - started the server!
 [kill] - Wed Apr 01 20:54:45 MDT 2020 - killing process forcefully!
 [start] - Wed Apr 01 20:54:46 MDT 2020 - started the server!
 [kill] - Thu Apr 02 10:03:35 MDT 2020 - killing process forcefully!
 [start] - Thu Apr 02 10:03:35 MDT 2020 - started the server!
 [kill] - Thu Apr 02 13:23:44 MDT 2020 - killing process forcefully!
 [start] - Thu Apr 02 13:23:44 MDT 2020 - started the server!
 [kill] - Thu Apr 02 13:50:04 MDT 2020 - killing process forcefully!
 [start] - Thu Apr 02 13:50:04 MDT 2020 - started the server!
 [kill] - Fri Apr 03 12:33:50 MDT 2020 - killing process forcefully!
 [start] - Fri Apr 03 12:33:50 MDT 2020 - started the server!
 [kill] - Sun Apr 05 15:45:54 MDT 2020 - killing process forcefully!
 [start] - Sun Apr 05 15:45:55 MDT 2020 - started the server!
 [kill] - Sun Apr 05 15:55:51 MDT 2020 - killing process forcefully!
 [start] - Sun Apr 05 15:55:51 MDT 2020 - started the server!
 [kill] - Mon Apr 06 00:30:03 MDT 2020 - killing process forcefully!
 [start] - Mon Apr 06 00:30:03 MDT 2020 - started the server!
 [kill] - Mon Apr 06 23:43:44 MDT 2020 - killing process forcefully!
 [start] - Mon Apr 06 23:43:44 MDT 2020 - started the server!
 [kill] - Tue Apr 07 23:30:17 MDT 2020 - killing process forcefully!
 [start] - Tue Apr 07 23:30:17 MDT 2020 - started the server!
 [kill] - Sun Apr 12 08:26:23 MDT 2020 - killing process forcefully!
 [start] - Sun Apr 12 08:26:23 MDT 2020 - started the server!
 [kill] - Mon Apr 13 00:30:50 MDT 2020 - killing process forcefully!
 [start] - Mon Apr 13 00:30:51 MDT 2020 - started the server!
 [kill] - Tue Apr 14 00:57:44 MDT 2020 - killing process forcefully!
 [start] - Tue Apr 14 00:57:44 MDT 2020 - started the server!
 [kill] - Tue Apr 14 10:52:25 MDT 2020 - killing process forcefully!
 [start] - Tue Apr 14 10:52:25 MDT 2020 - started the server!
 [kill] - Tue Apr 14 10:53:56 MDT 2020 - killing process forcefully!
 [start] - Tue Apr 14 10:53:56 MDT 2020 - started the server!
 [kill] - Tue Apr 14 10:54:09 MDT 2020 - killing process forcefully!
 [start] - Tue Apr 14 10:54:09 MDT 2020 - started the server!
 [kill] - Tue Apr 14 11:48:07 MDT 2020 - killing process forcefully!
 [start] - Tue Apr 14 11:48:07 MDT 2020 - started the server!
 [kill] - Tue Apr 14 11:58:22 MDT 2020 - killing process forcefully!
 [start] - Tue Apr 14 11:58:22 MDT 2020 - started the server!
 [kill] - Wed Apr 15 00:17:21 MDT 2020 - killing process forcefully!
 [start] - Wed Apr 15 00:17:21 MDT 2020 - started the server!
 [kill] - Wed Apr 15 00:25:08 MDT 2020 - killing process forcefully!
 [start] - Wed Apr 15 00:25:09 MDT 2020 - started the server!
 [kill] - Thu Apr 16 00:25:53 MDT 2020 - killing process forcefully!
 [start] - Thu Apr 16 00:25:54 MDT 2020 - started the server!
 [kill] - Thu Apr 16 12:12:46 MDT 2020 - killing process forcefully!
 [start] - Thu Apr 16 12:12:46 MDT 2020 - started the server!
 [kill] - Thu Apr 16 17:00:51 MDT 2020 - killing process forcefully!
 [start] - Thu Apr 16 17:00:51 MDT 2020 - started the server!
 [kill] - Fri Apr 17 00:19:45 MDT 2020 - killing process forcefully!
 [start] - Fri Apr 17 00:19:46 MDT 2020 - started the server!
 [kill] - Sat Apr 18 08:50:11 MDT 2020 - killing process forcefully!
 [start] - Sat Apr 18 08:50:11 MDT 2020 - started the server!
 [kill] - Sun Apr 19 22:12:52 MDT 2020 - killing process forcefully!
 [start] - Sun Apr 19 22:12:52 MDT 2020 - started the server!
 [kill] - Mon Apr 20 23:58:55 MDT 2020 - killing process forcefully!
 [start] - Mon Apr 20 23:58:55 MDT 2020 - started the server!
 [kill] - Tue Apr 21 10:32:50 MDT 2020 - killing process forcefully!
 [start] - Tue Apr 21 10:32:50 MDT 2020 - started the server!
 [kill] - Wed Apr 22 00:04:49 MDT 2020 - killing process forcefully!
 [start] - Wed Apr 22 00:04:50 MDT 2020 - started the server!
 [kill] - Wed Apr 22 17:40:24 MDT 2020 - killing process forcefully!
 [start] - Wed Apr 22 17:40:24 MDT 2020 - started the server!
 [kill] - Thu Apr 23 00:03:33 MDT 2020 - killing process forcefully!
 [start] - Thu Apr 23 00:03:33 MDT 2020 - started the server!
 [kill] - Fri Apr 24 00:01:35 MDT 2020 - killing process forcefully!
 [start] - Fri Apr 24 00:01:36 MDT 2020 - started the server!
 [kill] - Sun Apr 26 23:49:59 MDT 2020 - killing process forcefully!
 [start] - Sun Apr 26 23:49:59 MDT 2020 - started the server!
 [kill] - Tue Apr 28 00:01:03 MDT 2020 - killing process forcefully!
 [start] - Tue Apr 28 00:01:03 MDT 2020 - started the server!
 [kill] - Wed Apr 29 00:18:33 MDT 2020 - killing process forcefully!
 [start] - Wed Apr 29 00:18:34 MDT 2020 - started the server!
 [kill] - Wed Apr 29 08:59:54 MDT 2020 - killing process forcefully!
 [start] - Wed Apr 29 08:59:55 MDT 2020 - started the server!
 [kill] - Thu Apr 30 00:27:40 MDT 2020 - killing process forcefully!
 [start] - Thu Apr 30 00:27:40 MDT 2020 - started the server!
 [kill] - Thu Apr 30 23:55:54 MDT 2020 - killing process forcefully!
 [start] - Thu Apr 30 23:55:54 MDT 2020 - started the server!
 [kill] - Sun May 03 16:53:42 MDT 2020 - killing process forcefully!
 [start] - Sun May 03 16:53:43 MDT 2020 - started the server!
 [kill] - Sun May 03 17:02:19 MDT 2020 - killing process forcefully!
 [start] - Sun May 03 17:02:19 MDT 2020 - started the server!